--- 2026-06-29 22:13:02.650902 ---
CPU: 0.1%
RAM: 15.0 GB available
Disk: 0.2% used
--- 2026-06-29 22:14:02.681433 ---
CPU: 0.1%
RAM: 15.0 GB available
Disk: 0.2% used
--- 2026-06-29 22:15:02.713548 ---
CPU: 0.1%
RAM: 15.0 GB available
Disk: 0.2% used
--- 2026-06-29 22:16:02.746391 ---
CPU: 0.0%
RAM: 15.0 GB available
Disk: 0.2% used
--- 2026-06-29 22:17:02.780427 ---
CPU: 0.1%
RAM: 15.0 GB available
Disk: 0.2% used
--- 2026-06-29 22:18:02.810158 ---
CPU: 0.0%
RAM: 15.0 GB available
Disk: 0.2% used
--- 2026-06-29 22:19:02.841400 ---
CPU: 0.0%
RAM: 15.0 GB available
Disk: 0.2% used
--- 2026-06-29 22:20:02.870491 ---
CPU: 0.0%
RAM: 14.9 GB available
Disk: 0.2% used
--- 2026-06-29 22:21:02.905517 ---
CPU: 0.0%
RAM: 14.9 GB available
Disk: 0.2% used
--- 2026-06-29 22:22:02.939897 ---
CPU: 0.0%
RAM: 14.9 GB available
Disk: 0.2% used
--- 2026-06-29 22:23:02.972743 ---
CPU: 0.1%
RAM: 14.9 GB available
Disk: 0.2% used
--- 2026-06-29 22:24:03.006654 ---
CPU: 0.1%
RAM: 14.9 GB available
Disk: 0.2% used
--- 2026-06-29 22:25:02.040993 ---
CPU: 0.1%
RAM: 14.9 GB available
Disk: 0.2% used
--- 2026-06-29 22:26:02.077043 ---
CPU: 0.2%
RAM: 14.9 GB available
Disk: 0.2% used
--- 2026-06-29 22:27:02.115840 ---
CPU: 0.1%
RAM: 14.9 GB available
Disk: 0.2% used
--- 2026-06-29 22:28:02.148722 ---
CPU: 0.1%
RAM: 14.9 GB available
Disk: 0.2% used
--- 2026-06-29 22:29:02.182752 ---
CPU: 0.1%
RAM: 14.9 GB available
Disk: 0.2% used
--- 2026-06-29 22:30:02.218092 ---
CPU: 0.0%
RAM: 14.9 GB available
Disk: 0.2% used
--- 2026-06-29 22:31:02.255553 ---
CPU: 0.1%
RAM: 14.9 GB available
Disk: 0.2% used
--- 2026-06-29 22:32:02.285416 ---
CPU: 0.0%
RAM: 14.9 GB available
Disk: 0.2% used
--- 2026-06-29 22:33:02.317331 ---
CPU: 0.0%
RAM: 14.9 GB available
Disk: 0.2% used
--- 2026-06-29 22:34:02.348325 ---
CPU: 0.0%
RAM: 14.9 GB available
Disk: 0.2% used
--- 2026-06-29 22:35:02.378030 ---
CPU: 0.0%
RAM: 14.9 GB available
Disk: 0.2% used
--- 2026-06-29 22:36:02.407656 ---
CPU: 0.1%
RAM: 14.9 GB available
Disk: 0.2% used
--- 2026-06-29 22:37:02.437052 ---
CPU: 0.0%
RAM: 14.9 GB available
Disk: 0.2% used
--- 2026-06-29 22:38:02.467199 ---
CPU: 0.2%
RAM: 14.9 GB available
Disk: 0.2% used
--- 2026-06-29 22:39:02.500405 ---
CPU: 0.0%
RAM: 14.9 GB available
Disk: 0.2% used
--- 2026-06-29 22:40:02.531812 ---
CPU: 0.0%
RAM: 14.9 GB available
Disk: 0.2% used
--- 2026-06-29 22:41:02.562543 ---
CPU: 0.0%
RAM: 14.9 GB available
Disk: 0.2% used
--- 2026-06-29 22:42:02.599923 ---
CPU: 0.1%
RAM: 14.9 GB available
Disk: 0.2% used
--- 2026-06-29 22:43:02.632997 ---
CPU: 0.0%
RAM: 14.9 GB available
Disk: 0.2% used
--- 2026-06-29 22:44:02.664599 ---
CPU: 0.4%
RAM: 14.9 GB available
Disk: 0.2% used
--- 2026-06-29 22:45:02.714184 ---
CPU: 0.2%
RAM: 14.9 GB available
Disk: 0.2% used
--- 2026-06-29 22:46:02.748219 ---
CPU: 0.1%
RAM: 14.9 GB available
Disk: 0.2% used
--- 2026-06-29 22:47:02.782453 ---
CPU: 0.0%
RAM: 14.9 GB available
Disk: 0.2% used
--- 2026-06-29 22:48:02.816343 ---
CPU: 2.6%
RAM: 14.9 GB available
Disk: 0.2% used
--- 2026-06-29 22:49:02.850308 ---
CPU: 0.0%
RAM: 14.9 GB available
Disk: 0.2% used
--- 2026-06-29 22:50:02.885039 ---
CPU:  0.0%
RAM:  14.9 GB available
Disk: 0.2% used
--- 2026-06-29 22:51:02.885403 ---
CPU:  0.0%
RAM:  14.9 GB available
Disk: 0.2% used
--- 2026-06-29 22:51:03.885729 ---
CPU:  0.1%
RAM:  14.9 GB available
Disk: 0.2% used
--- 2026-06-29 22:52:02.887340 ---
CPU:  0.0%
RAM:  14.9 GB available
Disk: 0.2% used
--- 2026-06-29 22:52:03.886037 ---
CPU:  0.0%
RAM:  14.9 GB available
Disk: 0.2% used
--- 2026-06-29 22:52:04.886231 ---
CPU:  0.0%
RAM:  14.9 GB available
Disk: 0.2% used
--- 2026-06-29 22:53:02.884899 ---
CPU:  0.1%
RAM:  14.9 GB available
Disk: 0.2% used
--- 2026-06-29 22:53:03.888072 ---
CPU:  0.1%
RAM:  14.9 GB available
Disk: 0.2% used
--- 2026-06-29 22:53:04.886648 ---
CPU:  0.0%
RAM:  14.9 GB available
Disk: 0.2% used
--- 2026-06-29 22:53:05.886928 ---
CPU:  0.1%
RAM:  14.9 GB available
Disk: 0.2% used
